2024-12-16T21:22:29.754+07:00  INFO 23984 --- [BankSampah] [Test worker] c.e.B.BankSampahApplicationTests         : Starting BankSampahApplicationTests using Java 21.0.5 with PID 23984 (started by user in D:\Jensen\MANPRO\TUBES\BankSampah\BankSampah)
2024-12-16T21:22:29.762+07:00  INFO 23984 --- [BankSampah] [Test worker] c.e.B.BankSampahApplicationTests         : No active profile set, falling back to 1 default profile: "default"
2024-12-16T21:22:30.593+07:00  INFO 23984 --- [BankSampah] [Test worker] o.s.b.a.w.s.WelcomePageHandlerMapping    : Adding welcome page template: index
2024-12-16T21:22:30.861+07:00  INFO 23984 --- [BankSampah] [Test worker] c.e.B.BankSampahApplicationTests         : Started BankSampahApplicationTests in 1.297 seconds (process running for 2.144)
2024-12-16T21:22:42.270+07:00  INFO 21160 --- [BankSampah] [restartedMain] c.e.BankSampah.BankSampahApplication     : Starting BankSampahApplication using Java 21.0.5 with PID 21160 (D:\Jensen\MANPRO\TUBES\BankSampah\BankSampah\build\classes\java\main started by user in D:\Jensen\MANPRO\TUBES\BankSampah\BankSampah)
2024-12-16T21:22:42.272+07:00  INFO 21160 --- [BankSampah] [restartedMain] c.e.BankSampah.BankSampahApplication     : No active profile set, falling back to 1 default profile: "default"
2024-12-16T21:22:42.304+07:00  INFO 21160 --- [BankSampah] [restartedMain] .e.DevToolsPropertyDefaultsPostProcessor : Devtools property defaults active! Set 'spring.devtools.add-properties' to 'false' to disable
2024-12-16T21:22:42.304+07:00  INFO 21160 --- [BankSampah] [restartedMain] .e.DevToolsPropertyDefaultsPostProcessor : For additional web related logging consider setting the 'logging.level.web' property to 'DEBUG'
2024-12-16T21:22:42.914+07:00  INFO 21160 --- [BankSampah] [restartedMain] o.s.b.w.embedded.tomcat.TomcatWebServer  : Tomcat initialized with port 8080 (http)
2024-12-16T21:22:42.922+07:00  INFO 21160 --- [BankSampah] [restartedMain] o.apache.catalina.core.StandardService   : Starting service [Tomcat]
2024-12-16T21:22:42.923+07:00  INFO 21160 --- [BankSampah] [restartedMain] o.apache.catalina.core.StandardEngine    : Starting Servlet engine: [Apache Tomcat/10.1.33]
2024-12-16T21:22:42.946+07:00  INFO 21160 --- [BankSampah] [restartedMain] o.a.c.c.C.[Tomcat].[localhost].[/]       : Initializing Spring embedded WebApplicationContext
2024-12-16T21:22:42.946+07:00  INFO 21160 --- [BankSampah] [restartedMain] w.s.c.ServletWebServerApplicationContext : Root WebApplicationContext: initialization completed in 641 ms
2024-12-16T21:22:43.058+07:00  INFO 21160 --- [BankSampah] [restartedMain] o.s.b.a.w.s.WelcomePageHandlerMapping    : Adding welcome page template: index
2024-12-16T21:22:43.220+07:00  INFO 21160 --- [BankSampah] [restartedMain] o.s.b.d.a.OptionalLiveReloadServer       : LiveReload server is running on port 35729
2024-12-16T21:22:43.237+07:00  INFO 21160 --- [BankSampah] [restartedMain] o.s.b.w.embedded.tomcat.TomcatWebServer  : Tomcat started on port 8080 (http) with context path '/'
2024-12-16T21:22:43.241+07:00  INFO 21160 --- [BankSampah] [restartedMain] c.e.BankSampah.BankSampahApplication     : Started BankSampahApplication in 1.218 seconds (process running for 1.457)
2024-12-16T21:22:50.050+07:00  INFO 21160 --- [BankSampah] [http-nio-8080-exec-5] o.a.c.c.C.[Tomcat].[localhost].[/]       : Initializing Spring DispatcherServlet 'dispatcherServlet'
2024-12-16T21:22:50.050+07:00  INFO 21160 --- [BankSampah] [http-nio-8080-exec-5] o.s.web.servlet.DispatcherServlet        : Initializing Servlet 'dispatcherServlet'
2024-12-16T21:22:50.051+07:00  INFO 21160 --- [BankSampah] [http-nio-8080-exec-5] o.s.web.servlet.DispatcherServlet        : Completed initialization in 0 ms
2024-12-16T21:24:02.844+07:00 ERROR 21160 --- [BankSampah] [http-nio-8080-exec-7] o.a.c.c.C.[.[.[/].[dispatcherServlet]    : Servlet.service() for servlet [dispatcherServlet] in context with path [] threw exception [Request processing failed: org.springframework.dao.DataIntegrityViolationException: PreparedStatementCallback; SQL [INSERT INTO Sampah (namaSampah, idJenisSampah, idSUK) VALUES (?, ?, ?)]; ERROR: insert or update on table "sampah" violates foreign key constraint "sampah_idjenissampah_fkey"
  Detail: Key (idjenissampah)=(1) is not present in table "jenissampah".] with root cause

org.postgresql.util.PSQLException: ERROR: insert or update on table "sampah" violates foreign key constraint "sampah_idjenissampah_fkey"
  Detail: Key (idjenissampah)=(1) is not present in table "jenissampah".
	at org.postgresql.core.v3.QueryExecutorImpl.receiveErrorResponse(QueryExecutorImpl.java:2733) ~[postgresql-42.7.4.jar:42.7.4]
	at org.postgresql.core.v3.QueryExecutorImpl.processResults(QueryExecutorImpl.java:2420) ~[postgresql-42.7.4.jar:42.7.4]
	at org.postgresql.core.v3.QueryExecutorImpl.execute(QueryExecutorImpl.java:372) ~[postgresql-42.7.4.jar:42.7.4]
	at org.postgresql.jdbc.PgStatement.executeInternal(PgStatement.java:517) ~[postgresql-42.7.4.jar:42.7.4]
	at org.postgresql.jdbc.PgStatement.execute(PgStatement.java:434) ~[postgresql-42.7.4.jar:42.7.4]
	at org.postgresql.jdbc.PgPreparedStatement.executeWithFlags(PgPreparedStatement.java:194) ~[postgresql-42.7.4.jar:42.7.4]
	at org.postgresql.jdbc.PgPreparedStatement.executeUpdate(PgPreparedStatement.java:155) ~[postgresql-42.7.4.jar:42.7.4]
	at org.springframework.jdbc.core.JdbcTemplate.lambda$update$2(JdbcTemplate.java:977) ~[spring-jdbc-6.2.0.jar:6.2.0]
	at org.springframework.jdbc.core.JdbcTemplate.execute(JdbcTemplate.java:658) ~[spring-jdbc-6.2.0.jar:6.2.0]
	at org.springframework.jdbc.core.JdbcTemplate.update(JdbcTemplate.java:972) ~[spring-jdbc-6.2.0.jar:6.2.0]
	at org.springframework.jdbc.core.JdbcTemplate.update(JdbcTemplate.java:1016) ~[spring-jdbc-6.2.0.jar:6.2.0]
	at org.springframework.jdbc.core.JdbcTemplate.update(JdbcTemplate.java:1026) ~[spring-jdbc-6.2.0.jar:6.2.0]
	at com.example.BankSampah.Repository.JenisSampahRepository.save(JenisSampahRepository.java:77) ~[main/:na]
	at java.base/jdk.internal.reflect.DirectMethodHandleAccessor.invoke(DirectMethodHandleAccessor.java:103) ~[na:na]
	at java.base/java.lang.reflect.Method.invoke(Method.java:580) ~[na:na]
	at org.springframework.aop.support.AopUtils.invokeJoinpointUsingReflection(AopUtils.java:359) ~[spring-aop-6.2.0.jar:6.2.0]
	at org.springframework.aop.framework.ReflectiveMethodInvocation.invokeJoinpoint(ReflectiveMethodInvocation.java:196) ~[spring-aop-6.2.0.jar:6.2.0]
	at org.springframework.aop.framework.ReflectiveMethodInvocation.proceed(ReflectiveMethodInvocation.java:163) ~[spring-aop-6.2.0.jar:6.2.0]
	at org.springframework.dao.support.PersistenceExceptionTranslationInterceptor.invoke(PersistenceExceptionTranslationInterceptor.java:138) ~[spring-tx-6.2.0.jar:6.2.0]
	at org.springframework.aop.framework.ReflectiveMethodInvocation.proceed(ReflectiveMethodInvocation.java:184) ~[spring-aop-6.2.0.jar:6.2.0]
	at org.springframework.aop.framework.CglibAopProxy$DynamicAdvisedInterceptor.intercept(CglibAopProxy.java:727) ~[spring-aop-6.2.0.jar:6.2.0]
	at com.example.BankSampah.Repository.JenisSampahRepository$$SpringCGLIB$$0.save(<generated>) ~[main/:na]
	at com.example.BankSampah.Service.JenisSampahService.addJenisSampah(JenisSampahService.java:36) ~[main/:na]
	at com.example.BankSampah.Controller.JenisSampahController.addJenisSampah(JenisSampahController.java:43) ~[main/:na]
	at java.base/jdk.internal.reflect.DirectMethodHandleAccessor.invoke(DirectMethodHandleAccessor.java:103) ~[na:na]
	at java.base/java.lang.reflect.Method.invoke(Method.java:580) ~[na:na]
	at org.springframework.web.method.support.InvocableHandlerMethod.doInvoke(InvocableHandlerMethod.java:255) ~[spring-web-6.2.0.jar:6.2.0]
	at org.springframework.web.method.support.InvocableHandlerMethod.invokeForRequest(InvocableHandlerMethod.java:188) ~[spring-web-6.2.0.jar:6.2.0]
	at org.springframework.web.servlet.mvc.method.annotation.ServletInvocableHandlerMethod.invokeAndHandle(ServletInvocableHandlerMethod.java:118) ~[spring-webmvc-6.2.0.jar:6.2.0]
	at org.springframework.web.servlet.mvc.method.annotation.RequestMappingHandlerAdapter.invokeHandlerMethod(RequestMappingHandlerAdapter.java:986) ~[spring-webmvc-6.2.0.jar:6.2.0]
	at org.springframework.web.servlet.mvc.method.annotation.RequestMappingHandlerAdapter.handleInternal(RequestMappingHandlerAdapter.java:891) ~[spring-webmvc-6.2.0.jar:6.2.0]
	at org.springframework.web.servlet.mvc.method.AbstractHandlerMethodAdapter.handle(AbstractHandlerMethodAdapter.java:87) ~[spring-webmvc-6.2.0.jar:6.2.0]
	at org.springframework.web.servlet.DispatcherServlet.doDispatch(DispatcherServlet.java:1088) ~[spring-webmvc-6.2.0.jar:6.2.0]
	at org.springframework.web.servlet.DispatcherServlet.doService(DispatcherServlet.java:978) ~[spring-webmvc-6.2.0.jar:6.2.0]
	at org.springframework.web.servlet.FrameworkServlet.processRequest(FrameworkServlet.java:1014) ~[spring-webmvc-6.2.0.jar:6.2.0]
	at org.springframework.web.servlet.FrameworkServlet.doPost(FrameworkServlet.java:914) ~[spring-webmvc-6.2.0.jar:6.2.0]
	at jakarta.servlet.http.HttpServlet.service(HttpServlet.java:590) ~[tomcat-embed-core-10.1.33.jar:6.0]
	at org.springframework.web.servlet.FrameworkServlet.service(FrameworkServlet.java:885) ~[spring-webmvc-6.2.0.jar:6.2.0]
	at jakarta.servlet.http.HttpServlet.service(HttpServlet.java:658) ~[tomcat-embed-core-10.1.33.jar:6.0]
	at org.apache.catalina.core.ApplicationFilterChain.internalDoFilter(ApplicationFilterChain.java:195) ~[tomcat-embed-core-10.1.33.jar:10.1.33]
	at org.apache.catalina.core.ApplicationFilterChain.doFilter(ApplicationFilterChain.java:140) ~[tomcat-embed-core-10.1.33.jar:10.1.33]
	at org.apache.tomcat.websocket.server.WsFilter.doFilter(WsFilter.java:51) ~[tomcat-embed-websocket-10.1.33.jar:10.1.33]
	at org.apache.catalina.core.ApplicationFilterChain.internalDoFilter(ApplicationFilterChain.java:164) ~[tomcat-embed-core-10.1.33.jar:10.1.33]
	at org.apache.catalina.core.ApplicationFilterChain.doFilter(ApplicationFilterChain.java:140) ~[tomcat-embed-core-10.1.33.jar:10.1.33]
	at org.springframework.web.filter.RequestContextFilter.doFilterInternal(RequestContextFilter.java:100) ~[spring-web-6.2.0.jar:6.2.0]
	at org.springframework.web.filter.OncePerRequestFilter.doFilter(OncePerRequestFilter.java:116) ~[spring-web-6.2.0.jar:6.2.0]
	at org.apache.catalina.core.ApplicationFilterChain.internalDoFilter(ApplicationFilterChain.java:164) ~[tomcat-embed-core-10.1.33.jar:10.1.33]
	at org.apache.catalina.core.ApplicationFilterChain.doFilter(ApplicationFilterChain.java:140) ~[tomcat-embed-core-10.1.33.jar:10.1.33]
	at org.springframework.web.filter.FormContentFilter.doFilterInternal(FormContentFilter.java:93) ~[spring-web-6.2.0.jar:6.2.0]
	at org.springframework.web.filter.OncePerRequestFilter.doFilter(OncePerRequestFilter.java:116) ~[spring-web-6.2.0.jar:6.2.0]
	at org.apache.catalina.core.ApplicationFilterChain.internalDoFilter(ApplicationFilterChain.java:164) ~[tomcat-embed-core-10.1.33.jar:10.1.33]
	at org.apache.catalina.core.ApplicationFilterChain.doFilter(ApplicationFilterChain.java:140) ~[tomcat-embed-core-10.1.33.jar:10.1.33]
	at org.springframework.web.filter.CharacterEncodingFilter.doFilterInternal(CharacterEncodingFilter.java:201) ~[spring-web-6.2.0.jar:6.2.0]
	at org.springframework.web.filter.OncePerRequestFilter.doFilter(OncePerRequestFilter.java:116) ~[spring-web-6.2.0.jar:6.2.0]
	at org.apache.catalina.core.ApplicationFilterChain.internalDoFilter(ApplicationFilterChain.java:164) ~[tomcat-embed-core-10.1.33.jar:10.1.33]
	at org.apache.catalina.core.ApplicationFilterChain.doFilter(ApplicationFilterChain.java:140) ~[tomcat-embed-core-10.1.33.jar:10.1.33]
	at org.apache.catalina.core.StandardWrapperValve.invoke(StandardWrapperValve.java:167) ~[tomcat-embed-core-10.1.33.jar:10.1.33]
	at org.apache.catalina.core.StandardContextValve.invoke(StandardContextValve.java:90) ~[tomcat-embed-core-10.1.33.jar:10.1.33]
	at org.apache.catalina.authenticator.AuthenticatorBase.invoke(AuthenticatorBase.java:483) ~[tomcat-embed-core-10.1.33.jar:10.1.33]
	at org.apache.catalina.core.StandardHostValve.invoke(StandardHostValve.java:115) ~[tomcat-embed-core-10.1.33.jar:10.1.33]
	at org.apache.catalina.valves.ErrorReportValve.invoke(ErrorReportValve.java:93) ~[tomcat-embed-core-10.1.33.jar:10.1.33]
	at org.apache.catalina.core.StandardEngineValve.invoke(StandardEngineValve.java:74) ~[tomcat-embed-core-10.1.33.jar:10.1.33]
	at org.apache.catalina.connector.CoyoteAdapter.service(CoyoteAdapter.java:344) ~[tomcat-embed-core-10.1.33.jar:10.1.33]
	at org.apache.coyote.http11.Http11Processor.service(Http11Processor.java:397) ~[tomcat-embed-core-10.1.33.jar:10.1.33]
	at org.apache.coyote.AbstractProcessorLight.process(AbstractProcessorLight.java:63) ~[tomcat-embed-core-10.1.33.jar:10.1.33]
	at org.apache.coyote.AbstractProtocol$ConnectionHandler.process(AbstractProtocol.java:905) ~[tomcat-embed-core-10.1.33.jar:10.1.33]
	at org.apache.tomcat.util.net.NioEndpoint$SocketProcessor.doRun(NioEndpoint.java:1741) ~[tomcat-embed-core-10.1.33.jar:10.1.33]
	at org.apache.tomcat.util.net.SocketProcessorBase.run(SocketProcessorBase.java:52) ~[tomcat-embed-core-10.1.33.jar:10.1.33]
	at org.apache.tomcat.util.threads.ThreadPoolExecutor.runWorker(ThreadPoolExecutor.java:1190) ~[tomcat-embed-core-10.1.33.jar:10.1.33]
	at org.apache.tomcat.util.threads.ThreadPoolExecutor$Worker.run(ThreadPoolExecutor.java:659) ~[tomcat-embed-core-10.1.33.jar:10.1.33]
	at org.apache.tomcat.util.threads.TaskThread$WrappingRunnable.run(TaskThread.java:63) ~[tomcat-embed-core-10.1.33.jar:10.1.33]
	at java.base/java.lang.Thread.run(Thread.java:1583) ~[na:na]

2024-12-16T21:45:50.710+07:00  WARN 21160 --- [BankSampah] [http-nio-8080-exec-3] .w.s.m.s.DefaultHandlerExceptionResolver : Resolved [org.springframework.web.bind.MissingServletRequestParameterException: Required request parameter 'idPengguna' for method parameter type int is not present]
2024-12-16T21:46:16.125+07:00  INFO 21160 --- [BankSampah] [File Watcher] rtingClassPathChangeChangedEventListener : Restarting due to 13 class path changes (0 additions, 0 deletions, 13 modifications)
2024-12-16T21:46:16.125+07:00  INFO 21160 --- [BankSampah] [Thread-5] o.s.b.w.e.tomcat.GracefulShutdown        : Commencing graceful shutdown. Waiting for active requests to complete
2024-12-16T21:46:16.125+07:00  INFO 21160 --- [BankSampah] [tomcat-shutdown] o.s.b.w.e.tomcat.GracefulShutdown        : Graceful shutdown complete
2024-12-16T21:46:16.205+07:00  INFO 21160 --- [BankSampah] [restartedMain] c.e.BankSampah.BankSampahApplication     : Starting BankSampahApplication using Java 21.0.5 with PID 21160 (D:\Jensen\MANPRO\TUBES\BankSampah\BankSampah\build\classes\java\main started by user in D:\Jensen\MANPRO\TUBES\BankSampah\BankSampah)
2024-12-16T21:46:16.205+07:00  INFO 21160 --- [BankSampah] [restartedMain] c.e.BankSampah.BankSampahApplication     : No active profile set, falling back to 1 default profile: "default"
2024-12-16T21:46:16.418+07:00  INFO 21160 --- [BankSampah] [restartedMain] o.s.b.w.embedded.tomcat.TomcatWebServer  : Tomcat initialized with port 8080 (http)
2024-12-16T21:46:16.420+07:00  INFO 21160 --- [BankSampah] [restartedMain] o.apache.catalina.core.StandardService   : Starting service [Tomcat]
2024-12-16T21:46:16.420+07:00  INFO 21160 --- [BankSampah] [restartedMain] o.apache.catalina.core.StandardEngine    : Starting Servlet engine: [Apache Tomcat/10.1.33]
2024-12-16T21:46:16.432+07:00  INFO 21160 --- [BankSampah] [restartedMain] o.a.c.c.C.[Tomcat].[localhost].[/]       : Initializing Spring embedded WebApplicationContext
2024-12-16T21:46:16.433+07:00  INFO 21160 --- [BankSampah] [restartedMain] w.s.c.ServletWebServerApplicationContext : Root WebApplicationContext: initialization completed in 228 ms
2024-12-16T21:46:16.498+07:00  INFO 21160 --- [BankSampah] [restartedMain] o.s.b.a.w.s.WelcomePageHandlerMapping    : Adding welcome page template: index
2024-12-16T21:46:16.567+07:00  INFO 21160 --- [BankSampah] [restartedMain] o.s.b.d.a.OptionalLiveReloadServer       : LiveReload server is running on port 35729
2024-12-16T21:46:16.571+07:00  INFO 21160 --- [BankSampah] [restartedMain] o.s.b.w.embedded.tomcat.TomcatWebServer  : Tomcat started on port 8080 (http) with context path '/'
2024-12-16T21:46:16.571+07:00  INFO 21160 --- [BankSampah] [restartedMain] c.e.BankSampah.BankSampahApplication     : Started BankSampahApplication in 0.392 seconds (process running for 1414.792)
2024-12-16T21:46:16.578+07:00  INFO 21160 --- [BankSampah] [restartedMain] .ConditionEvaluationDeltaLoggingListener : Condition evaluation unchanged
2024-12-16T21:46:16.980+07:00  INFO 21032 --- [BankSampah] [Test worker] c.e.B.BankSampahApplicationTests         : Starting BankSampahApplicationTests using Java 21.0.5 with PID 21032 (started by user in D:\Jensen\MANPRO\TUBES\BankSampah\BankSampah)
2024-12-16T21:46:16.980+07:00  INFO 21032 --- [BankSampah] [Test worker] c.e.B.BankSampahApplicationTests         : No active profile set, falling back to 1 default profile: "default"
2024-12-16T21:46:17.915+07:00  INFO 21032 --- [BankSampah] [Test worker] o.s.b.a.w.s.WelcomePageHandlerMapping    : Adding welcome page template: index
2024-12-16T21:46:18.213+07:00  INFO 21032 --- [BankSampah] [Test worker] c.e.B.BankSampahApplicationTests         : Started BankSampahApplicationTests in 1.425 seconds (process running for 2.371)
2024-12-16T21:46:19.671+07:00  INFO 21160 --- [BankSampah] [http-nio-8080-exec-1] o.a.c.c.C.[Tomcat].[localhost].[/]       : Initializing Spring DispatcherServlet 'dispatcherServlet'
2024-12-16T21:46:19.672+07:00  INFO 21160 --- [BankSampah] [http-nio-8080-exec-1] o.s.web.servlet.DispatcherServlet        : Initializing Servlet 'dispatcherServlet'
2024-12-16T21:46:19.672+07:00  INFO 21160 --- [BankSampah] [http-nio-8080-exec-1] o.s.web.servlet.DispatcherServlet        : Completed initialization in 0 ms
2024-12-16T21:46:21.017+07:00  INFO 21160 --- [BankSampah] [File Watcher] rtingClassPathChangeChangedEventListener : Restarting due to 13 class path changes (0 additions, 0 deletions, 13 modifications)
2024-12-16T21:46:21.018+07:00  INFO 21160 --- [BankSampah] [Thread-7] o.s.b.w.e.tomcat.GracefulShutdown        : Commencing graceful shutdown. Waiting for active requests to complete
2024-12-16T21:46:21.021+07:00  INFO 21160 --- [BankSampah] [tomcat-shutdown] o.s.b.w.e.tomcat.GracefulShutdown        : Graceful shutdown complete
2024-12-16T21:46:21.088+07:00  INFO 21160 --- [BankSampah] [restartedMain] c.e.BankSampah.BankSampahApplication     : Starting BankSampahApplication using Java 21.0.5 with PID 21160 (D:\Jensen\MANPRO\TUBES\BankSampah\BankSampah\build\classes\java\main started by user in D:\Jensen\MANPRO\TUBES\BankSampah\BankSampah)
2024-12-16T21:46:21.089+07:00  INFO 21160 --- [BankSampah] [restartedMain] c.e.BankSampah.BankSampahApplication     : No active profile set, falling back to 1 default profile: "default"
2024-12-16T21:46:21.196+07:00  INFO 20376 --- [BankSampah] [Test worker] c.e.B.BankSampahApplicationTests         : Starting BankSampahApplicationTests using Java 21.0.5 with PID 20376 (started by user in D:\Jensen\MANPRO\TUBES\BankSampah\BankSampah)
2024-12-16T21:46:21.198+07:00  INFO 20376 --- [BankSampah] [Test worker] c.e.B.BankSampahApplicationTests         : No active profile set, falling back to 1 default profile: "default"
2024-12-16T21:46:21.264+07:00  INFO 21160 --- [BankSampah] [restartedMain] o.s.b.w.embedded.tomcat.TomcatWebServer  : Tomcat initialized with port 8080 (http)
2024-12-16T21:46:21.265+07:00  INFO 21160 --- [BankSampah] [restartedMain] o.apache.catalina.core.StandardService   : Starting service [Tomcat]
2024-12-16T21:46:21.265+07:00  INFO 21160 --- [BankSampah] [restartedMain] o.apache.catalina.core.StandardEngine    : Starting Servlet engine: [Apache Tomcat/10.1.33]
2024-12-16T21:46:21.279+07:00  INFO 21160 --- [BankSampah] [restartedMain] o.a.c.c.C.[Tomcat].[localhost].[/]       : Initializing Spring embedded WebApplicationContext
2024-12-16T21:46:21.279+07:00  INFO 21160 --- [BankSampah] [restartedMain] w.s.c.ServletWebServerApplicationContext : Root WebApplicationContext: initialization completed in 188 ms
2024-12-16T21:46:21.334+07:00  INFO 21160 --- [BankSampah] [restartedMain] o.s.b.a.w.s.WelcomePageHandlerMapping    : Adding welcome page template: index
2024-12-16T21:46:21.491+07:00  INFO 21160 --- [BankSampah] [restartedMain] o.s.b.d.a.OptionalLiveReloadServer       : LiveReload server is running on port 35729
2024-12-16T21:46:21.502+07:00  INFO 21160 --- [BankSampah] [restartedMain] o.s.b.w.embedded.tomcat.TomcatWebServer  : Tomcat started on port 8080 (http) with context path '/'
2024-12-16T21:46:21.505+07:00  INFO 21160 --- [BankSampah] [restartedMain] c.e.BankSampah.BankSampahApplication     : Started BankSampahApplication in 0.435 seconds (process running for 1419.721)
2024-12-16T21:46:21.506+07:00  INFO 21160 --- [BankSampah] [restartedMain] .ConditionEvaluationDeltaLoggingListener : Condition evaluation unchanged
2024-12-16T21:46:22.276+07:00  INFO 20376 --- [BankSampah] [Test worker] o.s.b.a.w.s.WelcomePageHandlerMapping    : Adding welcome page template: index
2024-12-16T21:46:22.580+07:00  INFO 20376 --- [BankSampah] [Test worker] c.e.B.BankSampahApplicationTests         : Started BankSampahApplicationTests in 1.603 seconds (process running for 2.492)
2024-12-16T21:46:27.818+07:00  INFO 21160 --- [BankSampah] [http-nio-8080-exec-1] o.a.c.c.C.[Tomcat].[localhost].[/]       : Initializing Spring DispatcherServlet 'dispatcherServlet'
2024-12-16T21:46:27.818+07:00  INFO 21160 --- [BankSampah] [http-nio-8080-exec-1] o.s.web.servlet.DispatcherServlet        : Initializing Servlet 'dispatcherServlet'
2024-12-16T21:46:27.819+07:00  INFO 21160 --- [BankSampah] [http-nio-8080-exec-1] o.s.web.servlet.DispatcherServlet        : Completed initialization in 1 ms
2024-12-16T21:46:28.996+07:00  INFO 21160 --- [BankSampah] [File Watcher] rtingClassPathChangeChangedEventListener : Restarting due to 13 class path changes (0 additions, 0 deletions, 13 modifications)
2024-12-16T21:46:28.996+07:00  INFO 21160 --- [BankSampah] [Thread-11] o.s.b.w.e.tomcat.GracefulShutdown        : Commencing graceful shutdown. Waiting for active requests to complete
2024-12-16T21:46:28.996+07:00  INFO 21160 --- [BankSampah] [tomcat-shutdown] o.s.b.w.e.tomcat.GracefulShutdown        : Graceful shutdown complete
2024-12-16T21:46:29.049+07:00  INFO 21160 --- [BankSampah] [restartedMain] c.e.BankSampah.BankSampahApplication     : Starting BankSampahApplication using Java 21.0.5 with PID 21160 (D:\Jensen\MANPRO\TUBES\BankSampah\BankSampah\build\classes\java\main started by user in D:\Jensen\MANPRO\TUBES\BankSampah\BankSampah)
2024-12-16T21:46:29.049+07:00  INFO 21160 --- [BankSampah] [restartedMain] c.e.BankSampah.BankSampahApplication     : No active profile set, falling back to 1 default profile: "default"
2024-12-16T21:46:29.130+07:00  INFO 23392 --- [BankSampah] [Test worker] c.e.B.BankSampahApplicationTests         : Starting BankSampahApplicationTests using Java 21.0.5 with PID 23392 (started by user in D:\Jensen\MANPRO\TUBES\BankSampah\BankSampah)
2024-12-16T21:46:29.130+07:00  INFO 23392 --- [BankSampah] [Test worker] c.e.B.BankSampahApplicationTests         : No active profile set, falling back to 1 default profile: "default"
2024-12-16T21:46:29.189+07:00  INFO 21160 --- [BankSampah] [restartedMain] o.s.b.w.embedded.tomcat.TomcatWebServer  : Tomcat initialized with port 8080 (http)
2024-12-16T21:46:29.189+07:00  INFO 21160 --- [BankSampah] [restartedMain] o.apache.catalina.core.StandardService   : Starting service [Tomcat]
2024-12-16T21:46:29.189+07:00  INFO 21160 --- [BankSampah] [restartedMain] o.apache.catalina.core.StandardEngine    : Starting Servlet engine: [Apache Tomcat/10.1.33]
2024-12-16T21:46:29.200+07:00  INFO 21160 --- [BankSampah] [restartedMain] o.a.c.c.C.[Tomcat].[localhost].[/]       : Initializing Spring embedded WebApplicationContext
2024-12-16T21:46:29.201+07:00  INFO 21160 --- [BankSampah] [restartedMain] w.s.c.ServletWebServerApplicationContext : Root WebApplicationContext: initialization completed in 152 ms
2024-12-16T21:46:29.240+07:00  INFO 21160 --- [BankSampah] [restartedMain] o.s.b.a.w.s.WelcomePageHandlerMapping    : Adding welcome page template: index
2024-12-16T21:46:29.302+07:00  INFO 21160 --- [BankSampah] [restartedMain] o.s.b.d.a.OptionalLiveReloadServer       : LiveReload server is running on port 35729
2024-12-16T21:46:29.302+07:00  INFO 21160 --- [BankSampah] [restartedMain] o.s.b.w.embedded.tomcat.TomcatWebServer  : Tomcat started on port 8080 (http) with context path '/'
2024-12-16T21:46:29.302+07:00  INFO 21160 --- [BankSampah] [restartedMain] c.e.BankSampah.BankSampahApplication     : Started BankSampahApplication in 0.266 seconds (process running for 1427.524)
2024-12-16T21:46:29.302+07:00  INFO 21160 --- [BankSampah] [restartedMain] .ConditionEvaluationDeltaLoggingListener : Condition evaluation unchanged
2024-12-16T21:46:29.970+07:00  INFO 23392 --- [BankSampah] [Test worker] o.s.b.a.w.s.WelcomePageHandlerMapping    : Adding welcome page template: index
2024-12-16T21:46:30.278+07:00  INFO 23392 --- [BankSampah] [Test worker] c.e.B.BankSampahApplicationTests         : Started BankSampahApplicationTests in 1.374 seconds (process running for 2.26)
2024-12-16T21:46:42.867+07:00  INFO 21160 --- [BankSampah] [http-nio-8080-exec-3] o.a.c.c.C.[Tomcat].[localhost].[/]       : Initializing Spring DispatcherServlet 'dispatcherServlet'
2024-12-16T21:46:42.867+07:00  INFO 21160 --- [BankSampah] [http-nio-8080-exec-3] o.s.web.servlet.DispatcherServlet        : Initializing Servlet 'dispatcherServlet'
2024-12-16T21:46:42.870+07:00  INFO 21160 --- [BankSampah] [http-nio-8080-exec-3] o.s.web.servlet.DispatcherServlet        : Completed initialization in 3 ms
2024-12-16T21:48:36.879+07:00  INFO 21160 --- [BankSampah] [File Watcher] rtingClassPathChangeChangedEventListener : Restarting due to 13 class path changes (0 additions, 0 deletions, 13 modifications)
2024-12-16T21:48:36.879+07:00  INFO 21160 --- [BankSampah] [Thread-15] o.s.b.w.e.tomcat.GracefulShutdown        : Commencing graceful shutdown. Waiting for active requests to complete
2024-12-16T21:48:36.879+07:00  INFO 21160 --- [BankSampah] [tomcat-shutdown] o.s.b.w.e.tomcat.GracefulShutdown        : Graceful shutdown complete
2024-12-16T21:48:36.934+07:00  INFO 21160 --- [BankSampah] [restartedMain] c.e.BankSampah.BankSampahApplication     : Starting BankSampahApplication using Java 21.0.5 with PID 21160 (D:\Jensen\MANPRO\TUBES\BankSampah\BankSampah\build\classes\java\main started by user in D:\Jensen\MANPRO\TUBES\BankSampah\BankSampah)
2024-12-16T21:48:36.934+07:00  INFO 21160 --- [BankSampah] [restartedMain] c.e.BankSampah.BankSampahApplication     : No active profile set, falling back to 1 default profile: "default"
2024-12-16T21:48:37.082+07:00  INFO 21160 --- [BankSampah] [restartedMain] o.s.b.w.embedded.tomcat.TomcatWebServer  : Tomcat initialized with port 8080 (http)
2024-12-16T21:48:37.082+07:00  INFO 21160 --- [BankSampah] [restartedMain] o.apache.catalina.core.StandardService   : Starting service [Tomcat]
2024-12-16T21:48:37.082+07:00  INFO 21160 --- [BankSampah] [restartedMain] o.apache.catalina.core.StandardEngine    : Starting Servlet engine: [Apache Tomcat/10.1.33]
2024-12-16T21:48:37.099+07:00  INFO 21160 --- [BankSampah] [restartedMain] o.a.c.c.C.[Tomcat].[localhost].[/]       : Initializing Spring embedded WebApplicationContext
2024-12-16T21:48:37.099+07:00  INFO 21160 --- [BankSampah] [restartedMain] w.s.c.ServletWebServerApplicationContext : Root WebApplicationContext: initialization completed in 164 ms
2024-12-16T21:48:37.142+07:00  INFO 21160 --- [BankSampah] [restartedMain] o.s.b.a.w.s.WelcomePageHandlerMapping    : Adding welcome page template: index
2024-12-16T21:48:37.181+07:00  INFO 21160 --- [BankSampah] [restartedMain] o.s.b.d.a.OptionalLiveReloadServer       : LiveReload server is running on port 35729
2024-12-16T21:48:37.186+07:00  INFO 21160 --- [BankSampah] [restartedMain] o.s.b.w.embedded.tomcat.TomcatWebServer  : Tomcat started on port 8080 (http) with context path '/'
2024-12-16T21:48:37.188+07:00  INFO 21160 --- [BankSampah] [restartedMain] c.e.BankSampah.BankSampahApplication     : Started BankSampahApplication in 0.278 seconds (process running for 1555.404)
2024-12-16T21:48:37.189+07:00  INFO 21160 --- [BankSampah] [restartedMain] .ConditionEvaluationDeltaLoggingListener : Condition evaluation unchanged
2024-12-16T21:48:37.658+07:00  INFO 6380 --- [BankSampah] [Test worker] c.e.B.BankSampahApplicationTests         : Starting BankSampahApplicationTests using Java 21.0.5 with PID 6380 (started by user in D:\Jensen\MANPRO\TUBES\BankSampah\BankSampah)
2024-12-16T21:48:37.658+07:00  INFO 6380 --- [BankSampah] [Test worker] c.e.B.BankSampahApplicationTests         : No active profile set, falling back to 1 default profile: "default"
2024-12-16T21:48:38.589+07:00  INFO 6380 --- [BankSampah] [Test worker] o.s.b.a.w.s.WelcomePageHandlerMapping    : Adding welcome page template: index
2024-12-16T21:48:38.895+07:00  INFO 6380 --- [BankSampah] [Test worker] c.e.B.BankSampahApplicationTests         : Started BankSampahApplicationTests in 1.495 seconds (process running for 2.385)
2024-12-16T21:48:39.355+07:00  INFO 21160 --- [BankSampah] [http-nio-8080-exec-1] o.a.c.c.C.[Tomcat].[localhost].[/]       : Initializing Spring DispatcherServlet 'dispatcherServlet'
2024-12-16T21:48:39.355+07:00  INFO 21160 --- [BankSampah] [http-nio-8080-exec-1] o.s.web.servlet.DispatcherServlet        : Initializing Servlet 'dispatcherServlet'
2024-12-16T21:48:39.356+07:00  INFO 21160 --- [BankSampah] [http-nio-8080-exec-1] o.s.web.servlet.DispatcherServlet        : Completed initialization in 1 ms
2024-12-16T21:48:41.657+07:00  INFO 21160 --- [BankSampah] [File Watcher] rtingClassPathChangeChangedEventListener : Restarting due to 13 class path changes (0 additions, 0 deletions, 13 modifications)
2024-12-16T21:48:41.657+07:00  INFO 21160 --- [BankSampah] [Thread-19] o.s.b.w.e.tomcat.GracefulShutdown        : Commencing graceful shutdown. Waiting for active requests to complete
2024-12-16T21:48:41.657+07:00  INFO 21160 --- [BankSampah] [tomcat-shutdown] o.s.b.w.e.tomcat.GracefulShutdown        : Graceful shutdown complete
2024-12-16T21:48:41.713+07:00  INFO 21160 --- [BankSampah] [restartedMain] c.e.BankSampah.BankSampahApplication     : Starting BankSampahApplication using Java 21.0.5 with PID 21160 (D:\Jensen\MANPRO\TUBES\BankSampah\BankSampah\build\classes\java\main started by user in D:\Jensen\MANPRO\TUBES\BankSampah\BankSampah)
2024-12-16T21:48:41.713+07:00  INFO 21160 --- [BankSampah] [restartedMain] c.e.BankSampah.BankSampahApplication     : No active profile set, falling back to 1 default profile: "default"
2024-12-16T21:48:41.842+07:00  INFO 8112 --- [BankSampah] [Test worker] c.e.B.BankSampahApplicationTests         : Starting BankSampahApplicationTests using Java 21.0.5 with PID 8112 (started by user in D:\Jensen\MANPRO\TUBES\BankSampah\BankSampah)
2024-12-16T21:48:41.842+07:00  INFO 8112 --- [BankSampah] [Test worker] c.e.B.BankSampahApplicationTests         : No active profile set, falling back to 1 default profile: "default"
2024-12-16T21:48:41.886+07:00  INFO 21160 --- [BankSampah] [restartedMain] o.s.b.w.embedded.tomcat.TomcatWebServer  : Tomcat initialized with port 8080 (http)
2024-12-16T21:48:41.887+07:00  INFO 21160 --- [BankSampah] [restartedMain] o.apache.catalina.core.StandardService   : Starting service [Tomcat]
2024-12-16T21:48:41.887+07:00  INFO 21160 --- [BankSampah] [restartedMain] o.apache.catalina.core.StandardEngine    : Starting Servlet engine: [Apache Tomcat/10.1.33]
2024-12-16T21:48:41.901+07:00  INFO 21160 --- [BankSampah] [restartedMain] o.a.c.c.C.[Tomcat].[localhost].[/]       : Initializing Spring embedded WebApplicationContext
2024-12-16T21:48:41.901+07:00  INFO 21160 --- [BankSampah] [restartedMain] w.s.c.ServletWebServerApplicationContext : Root WebApplicationContext: initialization completed in 188 ms
2024-12-16T21:48:41.969+07:00  INFO 21160 --- [BankSampah] [restartedMain] o.s.b.a.w.s.WelcomePageHandlerMapping    : Adding welcome page template: index
2024-12-16T21:48:42.031+07:00  INFO 21160 --- [BankSampah] [restartedMain] o.s.b.d.a.OptionalLiveReloadServer       : LiveReload server is running on port 35729
2024-12-16T21:48:42.036+07:00  INFO 21160 --- [BankSampah] [restartedMain] o.s.b.w.embedded.tomcat.TomcatWebServer  : Tomcat started on port 8080 (http) with context path '/'
2024-12-16T21:48:42.043+07:00  INFO 21160 --- [BankSampah] [restartedMain] c.e.BankSampah.BankSampahApplication     : Started BankSampahApplication in 0.348 seconds (process running for 1560.258)
2024-12-16T21:48:42.043+07:00  INFO 21160 --- [BankSampah] [restartedMain] .ConditionEvaluationDeltaLoggingListener : Condition evaluation unchanged
2024-12-16T21:48:42.212+07:00  INFO 21160 --- [BankSampah] [http-nio-8080-exec-1] o.a.c.c.C.[Tomcat].[localhost].[/]       : Initializing Spring DispatcherServlet 'dispatcherServlet'
2024-12-16T21:48:42.212+07:00  INFO 21160 --- [BankSampah] [http-nio-8080-exec-1] o.s.web.servlet.DispatcherServlet        : Initializing Servlet 'dispatcherServlet'
2024-12-16T21:48:42.213+07:00  INFO 21160 --- [BankSampah] [http-nio-8080-exec-1] o.s.web.servlet.DispatcherServlet        : Completed initialization in 1 ms
2024-12-16T21:48:42.962+07:00  INFO 8112 --- [BankSampah] [Test worker] o.s.b.a.w.s.WelcomePageHandlerMapping    : Adding welcome page template: index
2024-12-16T21:48:43.336+07:00  INFO 8112 --- [BankSampah] [Test worker] c.e.B.BankSampahApplicationTests         : Started BankSampahApplicationTests in 1.712 seconds (process running for 2.607)
2024-12-16T21:48:59.742+07:00  INFO 21160 --- [BankSampah] [File Watcher] rtingClassPathChangeChangedEventListener : Restarting due to 13 class path changes (0 additions, 0 deletions, 13 modifications)
2024-12-16T21:48:59.742+07:00  INFO 21160 --- [BankSampah] [Thread-23] o.s.b.w.e.tomcat.GracefulShutdown        : Commencing graceful shutdown. Waiting for active requests to complete
2024-12-16T21:48:59.742+07:00  INFO 21160 --- [BankSampah] [tomcat-shutdown] o.s.b.w.e.tomcat.GracefulShutdown        : Graceful shutdown complete
2024-12-16T21:48:59.781+07:00  INFO 21160 --- [BankSampah] [restartedMain] c.e.BankSampah.BankSampahApplication     : Starting BankSampahApplication using Java 21.0.5 with PID 21160 (D:\Jensen\MANPRO\TUBES\BankSampah\BankSampah\build\classes\java\main started by user in D:\Jensen\MANPRO\TUBES\BankSampah\BankSampah)
2024-12-16T21:48:59.794+07:00  INFO 21160 --- [BankSampah] [restartedMain] c.e.BankSampah.BankSampahApplication     : No active profile set, falling back to 1 default profile: "default"
2024-12-16T21:48:59.927+07:00  INFO 21160 --- [BankSampah] [restartedMain] o.s.b.w.embedded.tomcat.TomcatWebServer  : Tomcat initialized with port 8080 (http)
2024-12-16T21:48:59.927+07:00  INFO 21160 --- [BankSampah] [restartedMain] o.apache.catalina.core.StandardService   : Starting service [Tomcat]
2024-12-16T21:48:59.927+07:00  INFO 21160 --- [BankSampah] [restartedMain] o.apache.catalina.core.StandardEngine    : Starting Servlet engine: [Apache Tomcat/10.1.33]
2024-12-16T21:48:59.927+07:00  INFO 21160 --- [BankSampah] [restartedMain] o.a.c.c.C.[Tomcat].[localhost].[/]       : Initializing Spring embedded WebApplicationContext
2024-12-16T21:48:59.927+07:00  INFO 21160 --- [BankSampah] [restartedMain] w.s.c.ServletWebServerApplicationContext : Root WebApplicationContext: initialization completed in 133 ms
2024-12-16T21:48:59.942+07:00  INFO 21996 --- [BankSampah] [Test worker] c.e.B.BankSampahApplicationTests         : Starting BankSampahApplicationTests using Java 21.0.5 with PID 21996 (started by user in D:\Jensen\MANPRO\TUBES\BankSampah\BankSampah)
2024-12-16T21:48:59.942+07:00  INFO 21996 --- [BankSampah] [Test worker] c.e.B.BankSampahApplicationTests         : No active profile set, falling back to 1 default profile: "default"
2024-12-16T21:48:59.984+07:00  INFO 21160 --- [BankSampah] [restartedMain] o.s.b.a.w.s.WelcomePageHandlerMapping    : Adding welcome page template: index
2024-12-16T21:49:00.067+07:00  INFO 21160 --- [BankSampah] [restartedMain] o.s.b.d.a.OptionalLiveReloadServer       : LiveReload server is running on port 35729
2024-12-16T21:49:00.078+07:00  INFO 21160 --- [BankSampah] [restartedMain] o.s.b.w.embedded.tomcat.TomcatWebServer  : Tomcat started on port 8080 (http) with context path '/'
2024-12-16T21:49:00.084+07:00  INFO 21160 --- [BankSampah] [restartedMain] c.e.BankSampah.BankSampahApplication     : Started BankSampahApplication in 0.303 seconds (process running for 1578.299)
2024-12-16T21:49:00.084+07:00  INFO 21160 --- [BankSampah] [restartedMain] .ConditionEvaluationDeltaLoggingListener : Condition evaluation unchanged
2024-12-16T21:49:00.875+07:00  INFO 21996 --- [BankSampah] [Test worker] o.s.b.a.w.s.WelcomePageHandlerMapping    : Adding welcome page template: index
2024-12-16T21:49:01.181+07:00  INFO 21996 --- [BankSampah] [Test worker] c.e.B.BankSampahApplicationTests         : Started BankSampahApplicationTests in 1.454 seconds (process running for 2.283)
2024-12-16T21:49:02.991+07:00  INFO 21160 --- [BankSampah] [http-nio-8080-exec-1] o.a.c.c.C.[Tomcat].[localhost].[/]       : Initializing Spring DispatcherServlet 'dispatcherServlet'
2024-12-16T21:49:02.991+07:00  INFO 21160 --- [BankSampah] [http-nio-8080-exec-1] o.s.web.servlet.DispatcherServlet        : Initializing Servlet 'dispatcherServlet'
2024-12-16T21:49:02.992+07:00  INFO 21160 --- [BankSampah] [http-nio-8080-exec-1] o.s.web.servlet.DispatcherServlet        : Completed initialization in 1 ms
2024-12-16T21:49:03.517+07:00  INFO 21160 --- [BankSampah] [File Watcher] rtingClassPathChangeChangedEventListener : Restarting due to 13 class path changes (0 additions, 0 deletions, 13 modifications)
2024-12-16T21:49:03.517+07:00  INFO 21160 --- [BankSampah] [Thread-27] o.s.b.w.e.tomcat.GracefulShutdown        : Commencing graceful shutdown. Waiting for active requests to complete
2024-12-16T21:49:03.517+07:00  INFO 21160 --- [BankSampah] [tomcat-shutdown] o.s.b.w.e.tomcat.GracefulShutdown        : Graceful shutdown complete
2024-12-16T21:49:03.576+07:00  INFO 21160 --- [BankSampah] [restartedMain] c.e.BankSampah.BankSampahApplication     : Starting BankSampahApplication using Java 21.0.5 with PID 21160 (D:\Jensen\MANPRO\TUBES\BankSampah\BankSampah\build\classes\java\main started by user in D:\Jensen\MANPRO\TUBES\BankSampah\BankSampah)
2024-12-16T21:49:03.576+07:00  INFO 21160 --- [BankSampah] [restartedMain] c.e.BankSampah.BankSampahApplication     : No active profile set, falling back to 1 default profile: "default"
2024-12-16T21:49:03.716+07:00  INFO 21160 --- [BankSampah] [restartedMain] o.s.b.w.embedded.tomcat.TomcatWebServer  : Tomcat initialized with port 8080 (http)
2024-12-16T21:49:03.717+07:00  INFO 21160 --- [BankSampah] [restartedMain] o.apache.catalina.core.StandardService   : Starting service [Tomcat]
2024-12-16T21:49:03.717+07:00  INFO 21160 --- [BankSampah] [restartedMain] o.apache.catalina.core.StandardEngine    : Starting Servlet engine: [Apache Tomcat/10.1.33]
2024-12-16T21:49:03.725+07:00  INFO 21160 --- [BankSampah] [restartedMain] o.a.c.c.C.[Tomcat].[localhost].[/]       : Initializing Spring embedded WebApplicationContext
2024-12-16T21:49:03.725+07:00  INFO 21160 --- [BankSampah] [restartedMain] w.s.c.ServletWebServerApplicationContext : Root WebApplicationContext: initialization completed in 142 ms
2024-12-16T21:49:03.763+07:00  INFO 21160 --- [BankSampah] [restartedMain] o.s.b.a.w.s.WelcomePageHandlerMapping    : Adding welcome page template: index
2024-12-16T21:49:03.805+07:00  INFO 21160 --- [BankSampah] [restartedMain] o.s.b.d.a.OptionalLiveReloadServer       : LiveReload server is running on port 35729
2024-12-16T21:49:03.810+07:00  INFO 21160 --- [BankSampah] [restartedMain] o.s.b.w.embedded.tomcat.TomcatWebServer  : Tomcat started on port 8080 (http) with context path '/'
2024-12-16T21:49:03.813+07:00  INFO 21160 --- [BankSampah] [restartedMain] c.e.BankSampah.BankSampahApplication     : Started BankSampahApplication in 0.257 seconds (process running for 1582.028)
2024-12-16T21:49:03.814+07:00  INFO 21160 --- [BankSampah] [restartedMain] .ConditionEvaluationDeltaLoggingListener : Condition evaluation unchanged
2024-12-16T21:49:03.902+07:00  INFO 22180 --- [BankSampah] [Test worker] c.e.B.BankSampahApplicationTests         : Starting BankSampahApplicationTests using Java 21.0.5 with PID 22180 (started by user in D:\Jensen\MANPRO\TUBES\BankSampah\BankSampah)
2024-12-16T21:49:03.903+07:00  INFO 22180 --- [BankSampah] [Test worker] c.e.B.BankSampahApplicationTests         : No active profile set, falling back to 1 default profile: "default"
2024-12-16T21:49:04.743+07:00  INFO 22180 --- [BankSampah] [Test worker] o.s.b.a.w.s.WelcomePageHandlerMapping    : Adding welcome page template: index
2024-12-16T21:49:05.036+07:00  INFO 22180 --- [BankSampah] [Test worker] c.e.B.BankSampahApplicationTests         : Started BankSampahApplicationTests in 1.354 seconds (process running for 2.238)
2024-12-16T21:49:12.304+07:00  INFO 23548 --- [BankSampah] [Test worker] c.e.B.BankSampahApplicationTests         : Starting BankSampahApplicationTests using Java 21.0.5 with PID 23548 (started by user in D:\Jensen\MANPRO\TUBES\BankSampah\BankSampah)
2024-12-16T21:49:12.304+07:00  INFO 23548 --- [BankSampah] [Test worker] c.e.B.BankSampahApplicationTests         : No active profile set, falling back to 1 default profile: "default"
2024-12-16T21:49:12.380+07:00  INFO 21160 --- [BankSampah] [File Watcher] rtingClassPathChangeChangedEventListener : Restarting due to 13 class path changes (0 additions, 0 deletions, 13 modifications)
2024-12-16T21:49:12.380+07:00  INFO 21160 --- [BankSampah] [Thread-31] o.s.b.w.e.tomcat.GracefulShutdown        : Commencing graceful shutdown. Waiting for active requests to complete
2024-12-16T21:49:12.380+07:00  INFO 21160 --- [BankSampah] [tomcat-shutdown] o.s.b.w.e.tomcat.GracefulShutdown        : Graceful shutdown complete
2024-12-16T21:49:12.444+07:00  INFO 21160 --- [BankSampah] [restartedMain] c.e.BankSampah.BankSampahApplication     : Starting BankSampahApplication using Java 21.0.5 with PID 21160 (D:\Jensen\MANPRO\TUBES\BankSampah\BankSampah\build\classes\java\main started by user in D:\Jensen\MANPRO\TUBES\BankSampah\BankSampah)
2024-12-16T21:49:12.444+07:00  INFO 21160 --- [BankSampah] [restartedMain] c.e.BankSampah.BankSampahApplication     : No active profile set, falling back to 1 default profile: "default"
2024-12-16T21:49:12.611+07:00  INFO 21160 --- [BankSampah] [restartedMain] o.s.b.w.embedded.tomcat.TomcatWebServer  : Tomcat initialized with port 8080 (http)
2024-12-16T21:49:12.611+07:00  INFO 21160 --- [BankSampah] [restartedMain] o.apache.catalina.core.StandardService   : Starting service [Tomcat]
2024-12-16T21:49:12.611+07:00  INFO 21160 --- [BankSampah] [restartedMain] o.apache.catalina.core.StandardEngine    : Starting Servlet engine: [Apache Tomcat/10.1.33]
2024-12-16T21:49:12.611+07:00  INFO 21160 --- [BankSampah] [restartedMain] o.a.c.c.C.[Tomcat].[localhost].[/]       : Initializing Spring embedded WebApplicationContext
2024-12-16T21:49:12.611+07:00  INFO 21160 --- [BankSampah] [restartedMain] w.s.c.ServletWebServerApplicationContext : Root WebApplicationContext: initialization completed in 167 ms
2024-12-16T21:49:12.656+07:00  INFO 21160 --- [BankSampah] [restartedMain] o.s.b.a.w.s.WelcomePageHandlerMapping    : Adding welcome page template: index
2024-12-16T21:49:12.703+07:00  INFO 21160 --- [BankSampah] [restartedMain] o.s.b.d.a.OptionalLiveReloadServer       : LiveReload server is running on port 35729
2024-12-16T21:49:12.708+07:00  INFO 21160 --- [BankSampah] [restartedMain] o.s.b.w.embedded.tomcat.TomcatWebServer  : Tomcat started on port 8080 (http) with context path '/'
2024-12-16T21:49:12.710+07:00  INFO 21160 --- [BankSampah] [restartedMain] c.e.BankSampah.BankSampahApplication     : Started BankSampahApplication in 0.292 seconds (process running for 1590.925)
2024-12-16T21:49:12.710+07:00  INFO 21160 --- [BankSampah] [restartedMain] .ConditionEvaluationDeltaLoggingListener : Condition evaluation unchanged
2024-12-16T21:49:13.225+07:00  INFO 23548 --- [BankSampah] [Test worker] o.s.b.a.w.s.WelcomePageHandlerMapping    : Adding welcome page template: index
2024-12-16T21:49:13.506+07:00  INFO 23548 --- [BankSampah] [Test worker] c.e.B.BankSampahApplicationTests         : Started BankSampahApplicationTests in 1.394 seconds (process running for 2.205)
2024-12-16T21:49:14.659+07:00  INFO 21160 --- [BankSampah] [http-nio-8080-exec-1] o.a.c.c.C.[Tomcat].[localhost].[/]       : Initializing Spring DispatcherServlet 'dispatcherServlet'
2024-12-16T21:49:14.660+07:00  INFO 21160 --- [BankSampah] [http-nio-8080-exec-1] o.s.web.servlet.DispatcherServlet        : Initializing Servlet 'dispatcherServlet'
2024-12-16T21:49:14.660+07:00  INFO 21160 --- [BankSampah] [http-nio-8080-exec-1] o.s.web.servlet.DispatcherServlet        : Completed initialization in 0 ms
2024-12-16T21:49:16.166+07:00  INFO 21160 --- [BankSampah] [File Watcher] rtingClassPathChangeChangedEventListener : Restarting due to 13 class path changes (0 additions, 0 deletions, 13 modifications)
2024-12-16T21:49:16.166+07:00  INFO 21160 --- [BankSampah] [Thread-35] o.s.b.w.e.tomcat.GracefulShutdown        : Commencing graceful shutdown. Waiting for active requests to complete
2024-12-16T21:49:16.177+07:00  INFO 21160 --- [BankSampah] [tomcat-shutdown] o.s.b.w.e.tomcat.GracefulShutdown        : Graceful shutdown complete
2024-12-16T21:49:16.329+07:00  INFO 21160 --- [BankSampah] [restartedMain] c.e.BankSampah.BankSampahApplication     : Starting BankSampahApplication using Java 21.0.5 with PID 21160 (D:\Jensen\MANPRO\TUBES\BankSampah\BankSampah\build\classes\java\main started by user in D:\Jensen\MANPRO\TUBES\BankSampah\BankSampah)
2024-12-16T21:49:16.330+07:00  INFO 21160 --- [BankSampah] [restartedMain] c.e.BankSampah.BankSampahApplication     : No active profile set, falling back to 1 default profile: "default"
2024-12-16T21:49:16.429+07:00  INFO 16740 --- [BankSampah] [Test worker] c.e.B.BankSampahApplicationTests         : Starting BankSampahApplicationTests using Java 21.0.5 with PID 16740 (started by user in D:\Jensen\MANPRO\TUBES\BankSampah\BankSampah)
2024-12-16T21:49:16.429+07:00  INFO 16740 --- [BankSampah] [Test worker] c.e.B.BankSampahApplicationTests         : No active profile set, falling back to 1 default profile: "default"
2024-12-16T21:49:16.520+07:00  INFO 21160 --- [BankSampah] [restartedMain] o.s.b.w.embedded.tomcat.TomcatWebServer  : Tomcat initialized with port 8080 (http)
2024-12-16T21:49:16.520+07:00  INFO 21160 --- [BankSampah] [restartedMain] o.apache.catalina.core.StandardService   : Starting service [Tomcat]
2024-12-16T21:49:16.520+07:00  INFO 21160 --- [BankSampah] [restartedMain] o.apache.catalina.core.StandardEngine    : Starting Servlet engine: [Apache Tomcat/10.1.33]
2024-12-16T21:49:16.535+07:00  INFO 21160 --- [BankSampah] [restartedMain] o.a.c.c.C.[Tomcat].[localhost].[/]       : Initializing Spring embedded WebApplicationContext
2024-12-16T21:49:16.536+07:00  INFO 21160 --- [BankSampah] [restartedMain] w.s.c.ServletWebServerApplicationContext : Root WebApplicationContext: initialization completed in 203 ms
2024-12-16T21:49:16.567+07:00  INFO 21160 --- [BankSampah] [restartedMain] o.s.b.a.w.s.WelcomePageHandlerMapping    : Adding welcome page template: index
2024-12-16T21:49:16.612+07:00  INFO 21160 --- [BankSampah] [restartedMain] o.s.b.d.a.OptionalLiveReloadServer       : LiveReload server is running on port 35729
2024-12-16T21:49:16.629+07:00  INFO 21160 --- [BankSampah] [restartedMain] o.s.b.w.embedded.tomcat.TomcatWebServer  : Tomcat started on port 8080 (http) with context path '/'
2024-12-16T21:49:16.632+07:00  INFO 21160 --- [BankSampah] [restartedMain] c.e.BankSampah.BankSampahApplication     : Started BankSampahApplication in 0.359 seconds (process running for 1594.848)
2024-12-16T21:49:16.632+07:00  INFO 21160 --- [BankSampah] [restartedMain] .ConditionEvaluationDeltaLoggingListener : Condition evaluation unchanged
2024-12-16T21:49:17.428+07:00  INFO 16740 --- [BankSampah] [Test worker] o.s.b.a.w.s.WelcomePageHandlerMapping    : Adding welcome page template: index
2024-12-16T21:49:17.814+07:00  INFO 16740 --- [BankSampah] [Test worker] c.e.B.BankSampahApplicationTests         : Started BankSampahApplicationTests in 1.733 seconds (process running for 2.634)
2024-12-16T21:54:15.729+07:00  INFO 14356 --- [BankSampah] [Test worker] c.e.B.BankSampahApplicationTests         : Starting BankSampahApplicationTests using Java 21.0.5 with PID 14356 (started by user in D:\Jensen\MANPRO\TUBES\BankSampah\BankSampah)
2024-12-16T21:54:15.729+07:00  INFO 14356 --- [BankSampah] [Test worker] c.e.B.BankSampahApplicationTests         : No active profile set, falling back to 1 default profile: "default"
2024-12-16T21:54:16.636+07:00  INFO 14356 --- [BankSampah] [Test worker] o.s.b.a.w.s.WelcomePageHandlerMapping    : Adding welcome page template: index
2024-12-16T21:54:16.901+07:00  INFO 14356 --- [BankSampah] [Test worker] c.e.B.BankSampahApplicationTests         : Started BankSampahApplicationTests in 1.373 seconds (process running for 2.168)
2024-12-16T21:54:28.187+07:00  INFO 22688 --- [BankSampah] [restartedMain] c.e.BankSampah.BankSampahApplication     : Starting BankSampahApplication using Java 21.0.5 with PID 22688 (D:\Jensen\MANPRO\TUBES\BankSampah\BankSampah\build\classes\java\main started by user in D:\Jensen\MANPRO\TUBES\BankSampah\BankSampah)
2024-12-16T21:54:28.187+07:00  INFO 22688 --- [BankSampah] [restartedMain] c.e.BankSampah.BankSampahApplication     : No active profile set, falling back to 1 default profile: "default"
2024-12-16T21:54:28.226+07:00  INFO 22688 --- [BankSampah] [restartedMain] .e.DevToolsPropertyDefaultsPostProcessor : Devtools property defaults active! Set 'spring.devtools.add-properties' to 'false' to disable
2024-12-16T21:54:28.226+07:00  INFO 22688 --- [BankSampah] [restartedMain] .e.DevToolsPropertyDefaultsPostProcessor : For additional web related logging consider setting the 'logging.level.web' property to 'DEBUG'
2024-12-16T21:54:28.884+07:00  INFO 22688 --- [BankSampah] [restartedMain] o.s.b.w.embedded.tomcat.TomcatWebServer  : Tomcat initialized with port 8080 (http)
2024-12-16T21:54:28.895+07:00  INFO 22688 --- [BankSampah] [restartedMain] o.apache.catalina.core.StandardService   : Starting service [Tomcat]
2024-12-16T21:54:28.895+07:00  INFO 22688 --- [BankSampah] [restartedMain] o.apache.catalina.core.StandardEngine    : Starting Servlet engine: [Apache Tomcat/10.1.33]
2024-12-16T21:54:28.922+07:00  INFO 22688 --- [BankSampah] [restartedMain] o.a.c.c.C.[Tomcat].[localhost].[/]       : Initializing Spring embedded WebApplicationContext
2024-12-16T21:54:28.923+07:00  INFO 22688 --- [BankSampah] [restartedMain] w.s.c.ServletWebServerApplicationContext : Root WebApplicationContext: initialization completed in 695 ms
2024-12-16T21:54:29.039+07:00  INFO 22688 --- [BankSampah] [restartedMain] o.s.b.a.w.s.WelcomePageHandlerMapping    : Adding welcome page template: index
2024-12-16T21:54:29.201+07:00  INFO 22688 --- [BankSampah] [restartedMain] o.s.b.d.a.OptionalLiveReloadServer       : LiveReload server is running on port 35729
2024-12-16T21:54:29.229+07:00  INFO 22688 --- [BankSampah] [restartedMain] o.s.b.w.embedded.tomcat.TomcatWebServer  : Tomcat started on port 8080 (http) with context path '/'
2024-12-16T21:54:29.229+07:00  INFO 22688 --- [BankSampah] [restartedMain] c.e.BankSampah.BankSampahApplication     : Started BankSampahApplication in 1.295 seconds (process running for 1.543)
2024-12-16T21:54:30.805+07:00  INFO 22688 --- [BankSampah] [http-nio-8080-exec-1] o.a.c.c.C.[Tomcat].[localhost].[/]       : Initializing Spring DispatcherServlet 'dispatcherServlet'
2024-12-16T21:54:30.805+07:00  INFO 22688 --- [BankSampah] [http-nio-8080-exec-1] o.s.web.servlet.DispatcherServlet        : Initializing Servlet 'dispatcherServlet'
2024-12-16T21:54:30.805+07:00  INFO 22688 --- [BankSampah] [http-nio-8080-exec-1] o.s.web.servlet.DispatcherServlet        : Completed initialization in 0 ms
